<?xml version="1.0" encoding="UTF-8"?>
<!-- Generated by org.testng.reporters.JUnitReportReporter -->
<testsuite hostname="rsasma33" failures="0" tests="4" name="test.newday1" time="0.017" errors="0" timestamp="2022-03-09T23:55:55 IST" skipped="0">
  <testcase classname="test.newday1" name="Demo" time="0.009"/>
  <system-out/>
  <testcase classname="test.newday1" name="Demo1" time="0.002"/>
  <system-out/>
  <testcase classname="test.newday1" name="Demo1" time="0.003"/>
  <system-out/>
  <testcase classname="test.newday1" name="Demo1" time="0.003"/>
  <system-out/>
</testsuite> <!-- test.newday1 -->
