<?xml version="1.0" encoding="UTF-8"?>
<!-- Generated by org.testng.reporters.JUnitReportReporter -->
<testsuite hostname="rsasma33" failures="0" tests="8" name="test.testday1" time="0.017" errors="0" timestamp="2022-03-09T23:55:55 IST" skipped="0">
  <testcase classname="test.testday1" name="APILoginHomeLoan4" time="0.004"/>
  <system-out/>
  <testcase classname="test.testday1" name="APILoginHomeLoan2" time="0.002"/>
  <system-out/>
  <testcase classname="test.testday1" name="WebLoginHomeloan" time="0.002"/>
  <system-out/>
  <testcase classname="test.testday1" name="APILoginHomeLoan" time="0.002"/>
  <system-out/>
  <testcase classname="test.testday1" name="APILoginHomeLoan3" time="0.001"/>
  <system-out/>
  <testcase classname="test.testday1" name="WebLoginHomeloan" time="0.003"/>
  <system-out/>
  <testcase classname="test.testday1" name="APILoginHomeLoan1" time="0.002"/>
  <system-out/>
  <testcase classname="test.testday1" name="MobileLoginHomeLoan" time="0.001"/>
  <system-out/>
</testsuite> <!-- test.testday1 -->
