<?xml version="1.0" encoding="UTF-8"?>
<!-- Generated by org.testng.reporters.JUnitReportReporter -->
<testsuite hostname="rsasma33" failures="0" tests="10" name="test.testday2" time="0.025" errors="0" timestamp="2022-03-09T23:55:55 IST" skipped="0">
  <testcase classname="test.testday2" name="MobileLoginHomeLoan7" time="0.001"/>
  <system-out/>
  <testcase classname="test.testday2" name="MobileLoginHomeLoan8" time="0.002"/>
  <system-out/>
  <testcase classname="test.testday2" name="MobileLoginHomeLoan2" time="0.002"/>
  <system-out/>
  <testcase classname="test.testday2" name="MobileLoginHomeLoan9" time="0.005"/>
  <system-out/>
  <testcase classname="test.testday2" name="MobileLoginHomeLoan4" time="0.008"/>
  <system-out/>
  <testcase classname="test.testday2" name="MobileLoginHomeLoan6" time="0.001"/>
  <system-out/>
  <testcase classname="test.testday2" name="MobileLoginHomeLoan10" time="0.003"/>
  <system-out/>
  <testcase classname="test.testday2" name="MobileLoginHomeLoan3" time="0.001"/>
  <system-out/>
  <testcase classname="test.testday2" name="MobileLoginHomeLoan2" time="0.001"/>
  <system-out/>
  <testcase classname="test.testday2" name="MobileLoginHomeLoan5" time="0.001"/>
  <system-out/>
</testsuite> <!-- test.testday2 -->
