<?xml version="1.0" encoding="UTF-8"?>
<!-- Generated by org.testng.reporters.JUnitReportReporter -->
<testsuite hostname="rsasma33" failures="0" tests="1" name="test.newday2" time="0.003" errors="0" timestamp="2022-03-09T23:55:55 IST" skipped="0">
  <testcase classname="test.newday2" name="menu" time="0.003"/>
  <system-out/>
</testsuite> <!-- test.newday2 -->
