<?xml version="1.0" encoding="UTF-8"?>
<!-- Generated by org.testng.reporters.JUnitReportReporter -->
<testsuite hostname="rsasma33" failures="0" tests="2" name="test.newday3" time="0.003" errors="0" timestamp="2022-03-09T23:55:55 IST" skipped="0">
  <testcase classname="test.newday3" name="menu" time="0.001"/>
  <system-out/>
  <testcase classname="test.newday3" name="menu" time="0.002"/>
  <system-out/>
</testsuite> <!-- test.newday3 -->
